Using pre-set license
Built from '2020.3/staging' branch; Version is '2020.3.14f1 (d0d1bb862f9d) revision 13685179'; Using compiler version '192528614'; Build Type 'Release'
OS: 'Windows 10 Pro; OS build 19042.1526; Version 2009; 64bit' Language: 'es' Physical Memory: 16333 MB
BatchMode: 1, IsHumanControllingUs: 0, StartBugReporterOnCrash: 0, Is64bit: 1, IsPro: 0

 COMMAND LINE ARGUMENTS:
H:\Unity\2020.3.14f1\Editor\Unity.exe
-adb2
-batchMode
-noUpm
-name
AssetImportWorker0
-projectPath
H:/Cryophen
-logFile
Logs/AssetImportWorker0.log
-srvPort
58632
Successfully changed project path to: H:/Cryophen
H:/Cryophen
Using Asset Import Pipeline V2.
Refreshing native plugins compatible for Editor in 72.48 ms, found 2 plugins.
Preloading 0 native plugins for Editor in 0.00 ms.
Initialize engine version: 2020.3.14f1 (d0d1bb862f9d)
[Subsystems] Discovering subsystems at path H:/Unity/2020.3.14f1/Editor/Data/Resources/UnitySubsystems
[Subsystems] Discovering subsystems at path H:/Cryophen/Assets
GfxDevice: creating device client; threaded=0
Direct3D:
    Version:  Direct3D 11.0 [level 11.1]
    Renderer: NVIDIA GeForce GTX 1660 Ti (ID=0x2182)
    Vendor:   
    VRAM:     5991 MB
    Driver:   30.0.14.9729
Initialize mono
Mono path[0] = 'H:/Unity/2020.3.14f1/Editor/Data/Managed'
Mono path[1] = 'H:/Unity/2020.3.14f1/Editor/Data/MonoBleedingEdge/lib/mono/unityjit'
Mono config path = 'H:/Unity/2020.3.14f1/Editor/Data/MonoBleedingEdge/etc'
Using monoOptions --debugger-agent=transport=dt_socket,embedding=1,server=y,suspend=n,address=127.0.0.1:56568
Begin MonoManager ReloadAssembly
Registering precompiled unity dll's ...
Register platform support module: H:/Unity/2020.3.14f1/Editor/Data/PlaybackEngines/WindowsStandaloneSupport/UnityEditor.WindowsStandalone.Extensions.dll
Registered in 0.000907 seconds.
Native extension for WindowsStandalone target not found
Refreshing native plugins compatible for Editor in 76.43 ms, found 2 plugins.
Preloading 0 native plugins for Editor in 0.00 ms.
Mono: successfully reloaded assembly
- Completed reload, in  1.337 seconds
Domain Reload Profiling:
	ReloadAssembly (1337ms)
		BeginReloadAssembly (41ms)
			ExecutionOrderSort (0ms)
			DisableScriptedObjects (0ms)
			BackupInstance (0ms)
			ReleaseScriptingObjects (0ms)
			CreateAndSetChildDomain (1ms)
		EndReloadAssembly (385ms)
			LoadAssemblies (40ms)
			RebuildTransferFunctionScriptingTraits (0ms)
			SetupTypeCache (127ms)
			ReleaseScriptCaches (0ms)
			RebuildScriptCaches (26ms)
			SetupLoadedEditorAssemblies (174ms)
				LogAssemblyErrors (0ms)
				InitializePlatformSupportModulesInManaged (3ms)
				SetLoadedEditorAssemblies (0ms)
				RefreshPlugins (77ms)
				BeforeProcessingInitializeOnLoad (6ms)
				ProcessInitializeOnLoadAttributes (66ms)
				ProcessInitializeOnLoadMethodAttributes (22ms)
				AfterProcessingInitializeOnLoad (0ms)
				EditorAssembliesLoaded (0ms)
			ExecutionOrderSort2 (0ms)
			AwakeInstancesAfterBackupRestoration (0ms)
Platform modules already initialized, skipping
Registering precompiled user dll's ...
Registered in 0.002408 seconds.
Begin MonoManager ReloadAssembly
Native extension for WindowsStandalone target not found
Refreshing native plugins compatible for Editor in 77.76 ms, found 2 plugins.
Preloading 0 native plugins for Editor in 0.00 ms.
Mono: successfully reloaded assembly
- Completed reload, in  1.284 seconds
Domain Reload Profiling:
	ReloadAssembly (1284ms)
		BeginReloadAssembly (122ms)
			ExecutionOrderSort (0ms)
			DisableScriptedObjects (4ms)
			BackupInstance (0ms)
			ReleaseScriptingObjects (0ms)
			CreateAndSetChildDomain (17ms)
		EndReloadAssembly (1112ms)
			LoadAssemblies (73ms)
			RebuildTransferFunctionScriptingTraits (0ms)
			SetupTypeCache (315ms)
			ReleaseScriptCaches (1ms)
			RebuildScriptCaches (72ms)
			SetupLoadedEditorAssemblies (553ms)
				LogAssemblyErrors (0ms)
				InitializePlatformSupportModulesInManaged (3ms)
				SetLoadedEditorAssemblies (0ms)
				RefreshPlugins (78ms)
				BeforeProcessingInitializeOnLoad (70ms)
				ProcessInitializeOnLoadAttributes (264ms)
				ProcessInitializeOnLoadMethodAttributes (135ms)
				AfterProcessingInitializeOnLoad (2ms)
				EditorAssembliesLoaded (0ms)
			ExecutionOrderSort2 (0ms)
			AwakeInstancesAfterBackupRestoration (5ms)
Platform modules already initialized, skipping
========================================================================
Worker process is ready to serve import requests
Launched and connected shader compiler UnityShaderCompiler.exe after 0.04 seconds
Refreshing native plugins compatible for Editor in 2.07 ms, found 2 plugins.
Preloading 0 native plugins for Editor in 0.00 ms.
Unloading 4067 Unused Serialized files (Serialized files now loaded: 0)
System memory in use before: 188.3 MB.
System memory in use after: 184.5 MB.

Unloading 56 unused Assets to reduce memory usage. Loaded Objects now: 4485.
Total: 5.742300 ms (FindLiveObjects: 0.582600 ms CreateObjectMapping: 0.150600 ms MarkObjects: 2.703000 ms  DeleteObjects: 2.304800 ms)

AssetImportParameters requested are different than current active one (requested -> active):
  custom:framework-win-MediaFoundation: 216162199b28c13a410421893ffa2e32 -> 
  custom:video-decoder-ogg-theora: a1e56fd34408186e4bbccfd4996cb3dc -> 
  custom:container-muxer-webm: aa71ff27fc2769a1b78a27578f13a17b -> 
  custom:container-demuxer-webm: 4f35f7cbe854078d1ac9338744f61a02 -> 
  custom:container-demuxer-ogg: 62fdf1f143b41e24485cea50d1cbac27 -> 
  custom:video-encoder-webm-vp8: eb34c28f22e8b96e1ab97ce403110664 -> 
  custom:video-decoder-webm-vp8: 9c59270c3fd7afecdb556c50c9e8de78 -> 
  custom:audio-decoder-ogg-vorbis: bf7c407c2cedff20999df2af8eb42d56 -> 
  custom:audio-encoder-webm-vorbis: bf7c407c2cedff20999df2af8eb42d56 -> 
========================================================================
Received Import Request.
  path: Assets/SampleSceneAssets/TutorialInfo/Readme.asset
  artifactKey: Guid(83c2ed844a8c74b779a4c823d16594b1) Importer(815301076,1909f56bfc062723c751e8b465ee728b)
Start importing Assets/SampleSceneAssets/TutorialInfo/Readme.asset using Guid(83c2ed844a8c74b779a4c823d16594b1) Importer(815301076,1909f56bfc062723c751e8b465ee728b)  -> (artifact id: '2f526ef3cb39c3e098b46d739acdfcb0') in 0.050618 seconds 
  Import took 0.059004 seconds .

========================================================================
Received Prepare
Registering precompiled user dll's ...
Registered in 0.002865 seconds.
Begin MonoManager ReloadAssembly
Native extension for WindowsStandalone target not found
Refreshing native plugins compatible for Editor in 0.77 ms, found 2 plugins.
Preloading 0 native plugins for Editor in 0.00 ms.
Mono: successfully reloaded assembly
- Completed reload, in  1.041 seconds
Domain Reload Profiling:
	ReloadAssembly (1041ms)
		BeginReloadAssembly (109ms)
			ExecutionOrderSort (0ms)
			DisableScriptedObjects (4ms)
			BackupInstance (0ms)
			ReleaseScriptingObjects (0ms)
			CreateAndSetChildDomain (34ms)
		EndReloadAssembly (878ms)
			LoadAssemblies (71ms)
			RebuildTransferFunctionScriptingTraits (0ms)
			SetupTypeCache (294ms)
			ReleaseScriptCaches (2ms)
			RebuildScriptCaches (61ms)
			SetupLoadedEditorAssemblies (301ms)
				LogAssemblyErrors (0ms)
				InitializePlatformSupportModulesInManaged (3ms)
				SetLoadedEditorAssemblies (0ms)
				RefreshPlugins (1ms)
				BeforeProcessingInitializeOnLoad (52ms)
				ProcessInitializeOnLoadAttributes (238ms)
				ProcessInitializeOnLoadMethodAttributes (6ms)
				AfterProcessingInitializeOnLoad (2ms)
				EditorAssembliesLoaded (0ms)
			ExecutionOrderSort2 (0ms)
			AwakeInstancesAfterBackupRestoration (12ms)
Platform modules already initialized, skipping
Refreshing native plugins compatible for Editor in 1.27 ms, found 2 plugins.
Preloading 0 native plugins for Editor in 0.00 ms.
Unloading 3822 Unused Serialized files (Serialized files now loaded: 0)
System memory in use before: 177.2 MB.
System memory in use after: 173.5 MB.

Unloading 49 unused Assets to reduce memory usage. Loaded Objects now: 4489.
Total: 5.531300 ms (FindLiveObjects: 0.629200 ms CreateObjectMapping: 0.155500 ms MarkObjects: 2.483700 ms  DeleteObjects: 2.260900 ms)

AssetImportParameters requested are different than current active one (requested -> active):
  custom:framework-win-MediaFoundation: 216162199b28c13a410421893ffa2e32 -> 
  custom:video-decoder-ogg-theora: a1e56fd34408186e4bbccfd4996cb3dc -> 
  custom:container-muxer-webm: aa71ff27fc2769a1b78a27578f13a17b -> 
  custom:container-demuxer-webm: 4f35f7cbe854078d1ac9338744f61a02 -> 
  custom:container-demuxer-ogg: 62fdf1f143b41e24485cea50d1cbac27 -> 
  custom:video-encoder-webm-vp8: eb34c28f22e8b96e1ab97ce403110664 -> 
  custom:video-decoder-webm-vp8: 9c59270c3fd7afecdb556c50c9e8de78 -> 
  custom:audio-decoder-ogg-vorbis: bf7c407c2cedff20999df2af8eb42d56 -> 
  custom:audio-encoder-webm-vorbis: bf7c407c2cedff20999df2af8eb42d56 -> 
========================================================================
Received Import Request.
  Time since last request: 1120.886857 seconds.
  path: Assets/Scenes
  artifactKey: Guid(f9b3b199e042b2f4b9c19752c0fb5565) Importer(815301076,1909f56bfc062723c751e8b465ee728b)
Start importing Assets/Scenes using Guid(f9b3b199e042b2f4b9c19752c0fb5565) Importer(815301076,1909f56bfc062723c751e8b465ee728b)  -> (artifact id: '777b1de393f0e871371b59558eec717e') in 0.009992 seconds 
  Import took 0.015745 seconds .

========================================================================
Received Import Request.
  Time since last request: 0.000663 seconds.
  path: Assets/Scenes
  artifactKey: Guid(f9b3b199e042b2f4b9c19752c0fb5565) Importer(815301076,1909f56bfc062723c751e8b465ee728b)
Start importing Assets/Scenes using Guid(f9b3b199e042b2f4b9c19752c0fb5565) Importer(815301076,1909f56bfc062723c751e8b465ee728b)  -> (artifact id: '777b1de393f0e871371b59558eec717e') in 0.001620 seconds 
  Import took 0.006674 seconds .

========================================================================
Received Import Request.
  Time since last request: 2.237104 seconds.
  path: Assets/Scenes/Cryophen
  artifactKey: Guid(efcbe3820c1ed9448af7dc2be14b5dbf) Importer(815301076,1909f56bfc062723c751e8b465ee728b)
Start importing Assets/Scenes/Cryophen using Guid(efcbe3820c1ed9448af7dc2be14b5dbf) Importer(815301076,1909f56bfc062723c751e8b465ee728b)  -> (artifact id: '91847a6e1166d1e9a5662637558ea8e8') in 0.006274 seconds 
  Import took 0.012217 seconds .

========================================================================
Received Import Request.
  Time since last request: 0.000423 seconds.
  path: Assets/Scenes/Cryophen
  artifactKey: Guid(efcbe3820c1ed9448af7dc2be14b5dbf) Importer(815301076,1909f56bfc062723c751e8b465ee728b)
Start importing Assets/Scenes/Cryophen using Guid(efcbe3820c1ed9448af7dc2be14b5dbf) Importer(815301076,1909f56bfc062723c751e8b465ee728b)  -> (artifact id: '91847a6e1166d1e9a5662637558ea8e8') in 0.002468 seconds 
  Import took 0.007928 seconds .

========================================================================
Received Import Request.
  Time since last request: 0.039410 seconds.
  path: Assets/Scenes/Cryophen/Sky and Fog Settings Profile.asset
  artifactKey: Guid(9442ba919d1c8064a8f1909709834d36) Importer(815301076,1909f56bfc062723c751e8b465ee728b)
Start importing Assets/Scenes/Cryophen/Sky and Fog Settings Profile.asset using Guid(9442ba919d1c8064a8f1909709834d36) Importer(815301076,1909f56bfc062723c751e8b465ee728b)  -> (artifact id: '2d6107f26381b0cbeb54635b822560ea') in 0.019961 seconds 
  Import took 0.025483 seconds .

========================================================================
Received Import Request.
  Time since last request: 1.657266 seconds.
  path: Assets/Scenes/SampleScene
  artifactKey: Guid(6a5ab7f14dc90e245a38a8d287014804) Importer(815301076,1909f56bfc062723c751e8b465ee728b)
Start importing Assets/Scenes/SampleScene using Guid(6a5ab7f14dc90e245a38a8d287014804) Importer(815301076,1909f56bfc062723c751e8b465ee728b)  -> (artifact id: '1556a24f20a23705beaa1e0b0c965e55') in 0.004919 seconds 
  Import took 0.010814 seconds .

========================================================================
Received Import Request.
  Time since last request: 0.072854 seconds.
  path: Assets/Scenes/SampleScene/LightingData.asset
  artifactKey: Guid(c9672d4b9a662004a9bf0d3f330e6b36) Importer(815301076,1909f56bfc062723c751e8b465ee728b)
Start importing Assets/Scenes/SampleScene/LightingData.asset using Guid(c9672d4b9a662004a9bf0d3f330e6b36) Importer(815301076,1909f56bfc062723c751e8b465ee728b)  -> (artifact id: '995bb623ab1e116d7792ea0a725852ae') in 0.005482 seconds 
  Import took 0.011203 seconds .

========================================================================
Received Import Request.
  Time since last request: 0.000167 seconds.
  path: Assets/Scenes/SampleScene/ReflectionProbe-13.exr
  artifactKey: Guid(5b4b9c42474fea44ea71f98dbbbf883a) Importer(815301076,1909f56bfc062723c751e8b465ee728b)
Start importing Assets/Scenes/SampleScene/ReflectionProbe-13.exr using Guid(5b4b9c42474fea44ea71f98dbbbf883a) Importer(815301076,1909f56bfc062723c751e8b465ee728b)  -> (artifact id: 'ab0e24d52e6da786c01fbe189881ba41') in 0.093066 seconds 
  Import took 0.098132 seconds .

========================================================================
Received Import Request.
  Time since last request: 0.000178 seconds.
  path: Assets/Scenes/SampleScene/ReflectionProbe-11.exr
  artifactKey: Guid(1b5727504ffe4b247b09ed4502ffc116) Importer(815301076,1909f56bfc062723c751e8b465ee728b)
Start importing Assets/Scenes/SampleScene/ReflectionProbe-11.exr using Guid(1b5727504ffe4b247b09ed4502ffc116) Importer(815301076,1909f56bfc062723c751e8b465ee728b)  -> (artifact id: 'c9a11b38e75a93184b18329e8b4c8321') in 0.034983 seconds 
  Import took 0.040360 seconds .

========================================================================
Received Import Request.
  Time since last request: 0.000176 seconds.
  path: Assets/Scenes/SampleScene/ReflectionProbe-7.exr
  artifactKey: Guid(db9a1847f2c6ae34c9ec4947ce906bc9) Importer(815301076,1909f56bfc062723c751e8b465ee728b)
Start importing Assets/Scenes/SampleScene/ReflectionProbe-7.exr using Guid(db9a1847f2c6ae34c9ec4947ce906bc9) Importer(815301076,1909f56bfc062723c751e8b465ee728b)  -> (artifact id: '6cb502a217f72578d96aaca4c9b2c260') in 0.033828 seconds 
  Import took 0.038800 seconds .

========================================================================
Received Import Request.
  Time since last request: 0.000177 seconds.
  path: Assets/Scenes/SampleScene/Lightmap-2_comp_dir.png
  artifactKey: Guid(d0e945dd6a89edd408f301b839717f0a) Importer(815301076,1909f56bfc062723c751e8b465ee728b)
Start importing Assets/Scenes/SampleScene/Lightmap-2_comp_dir.png using Guid(d0e945dd6a89edd408f301b839717f0a) Importer(815301076,1909f56bfc062723c751e8b465ee728b)  -> (artifact id: '4bd9d7bd4e219f8a0c56772490128163') in 0.044506 seconds 
  Import took 0.049447 seconds .

========================================================================
Received Import Request.
  Time since last request: 0.000171 seconds.
  path: Assets/Scenes/SampleScene/ReflectionProbe-5.exr
  artifactKey: Guid(84decc14d3cf01c45ad713670f164cb6) Importer(815301076,1909f56bfc062723c751e8b465ee728b)
Start importing Assets/Scenes/SampleScene/ReflectionProbe-5.exr using Guid(84decc14d3cf01c45ad713670f164cb6) Importer(815301076,1909f56bfc062723c751e8b465ee728b)  -> (artifact id: '2620266f8002d60d04e40a8947c835de') in 0.034369 seconds 
  Import took 0.039297 seconds .

========================================================================
Received Import Request.
  Time since last request: 0.000160 seconds.
  path: Assets/Scenes/SampleScene/ReflectionProbe-17.exr
  artifactKey: Guid(dbcc65bcafce7e043ac894a6ee6114a2) Importer(815301076,1909f56bfc062723c751e8b465ee728b)
Start importing Assets/Scenes/SampleScene/ReflectionProbe-17.exr using Guid(dbcc65bcafce7e043ac894a6ee6114a2) Importer(815301076,1909f56bfc062723c751e8b465ee728b)  -> (artifact id: 'a7ea7917f4ad2b308d883c05adac18f1') in 0.035093 seconds 
  Import took 0.039943 seconds .

========================================================================
Received Import Request.
  Time since last request: 0.000166 seconds.
  path: Assets/Scenes/SampleScene/ReflectionProbe-15.exr
  artifactKey: Guid(d618aadf2e4bb7f4980187df5bb35a33) Importer(815301076,1909f56bfc062723c751e8b465ee728b)
Start importing Assets/Scenes/SampleScene/ReflectionProbe-15.exr using Guid(d618aadf2e4bb7f4980187df5bb35a33) Importer(815301076,1909f56bfc062723c751e8b465ee728b)  -> (artifact id: 'eca23082423089c1fb0dcb85cda38834') in 0.038021 seconds 
  Import took 0.043266 seconds .

========================================================================
Received Import Request.
  Time since last request: 0.000167 seconds.
  path: Assets/Scenes/SampleScene/ReflectionProbe-1.exr
  artifactKey: Guid(c3c78b54f15d2fa4cb5ce7168bfcd968) Importer(815301076,1909f56bfc062723c751e8b465ee728b)
Start importing Assets/Scenes/SampleScene/ReflectionProbe-1.exr using Guid(c3c78b54f15d2fa4cb5ce7168bfcd968) Importer(815301076,1909f56bfc062723c751e8b465ee728b)  -> (artifact id: 'ba34840268d45aff57f7664fb420e6c0') in 0.034532 seconds 
  Import took 0.039325 seconds .

========================================================================
Received Import Request.
  Time since last request: 0.000231 seconds.
  path: Assets/Scenes/SampleScene/ReflectionProbe-10.exr
  artifactKey: Guid(0b0c990f63a874c4fbeadb86375b8fc8) Importer(815301076,1909f56bfc062723c751e8b465ee728b)
Start importing Assets/Scenes/SampleScene/ReflectionProbe-10.exr using Guid(0b0c990f63a874c4fbeadb86375b8fc8) Importer(815301076,1909f56bfc062723c751e8b465ee728b)  -> (artifact id: '0155aa4f6e293f976816d83e9cf24858') in 0.035869 seconds 
  Import took 0.040942 seconds .

========================================================================
Received Import Request.
  Time since last request: 0.000168 seconds.
  path: Assets/Scenes/SampleScene/ReflectionProbe-14.exr
  artifactKey: Guid(ca4b1069cf1d52643a18ad7e7c7d0397) Importer(815301076,1909f56bfc062723c751e8b465ee728b)
Start importing Assets/Scenes/SampleScene/ReflectionProbe-14.exr using Guid(ca4b1069cf1d52643a18ad7e7c7d0397) Importer(815301076,1909f56bfc062723c751e8b465ee728b)  -> (artifact id: '64c295cd62f42cca3f7be5d683430dec') in 0.036863 seconds 
  Import took 0.042079 seconds .

========================================================================
Received Import Request.
  Time since last request: 0.000186 seconds.
  path: Assets/Scenes/SampleScene/ReflectionProbe-4.exr
  artifactKey: Guid(a4fc011afaed10c45914eeba07d87322) Importer(815301076,1909f56bfc062723c751e8b465ee728b)
Start importing Assets/Scenes/SampleScene/ReflectionProbe-4.exr using Guid(a4fc011afaed10c45914eeba07d87322) Importer(815301076,1909f56bfc062723c751e8b465ee728b)  -> (artifact id: 'bc4566b34fc9ed7cabdb4246ddf4bc27') in 0.035728 seconds 
  Import took 0.041648 seconds .

========================================================================
Received Import Request.
  Time since last request: 0.000197 seconds.
  path: Assets/Scenes/SampleScene/Lightmap-6_comp_light.exr
  artifactKey: Guid(aff1b928f2ba59646843323bbb7019c0) Importer(815301076,1909f56bfc062723c751e8b465ee728b)
Start importing Assets/Scenes/SampleScene/Lightmap-6_comp_light.exr using Guid(aff1b928f2ba59646843323bbb7019c0) Importer(815301076,1909f56bfc062723c751e8b465ee728b)  -> (artifact id: '34e0ad72223bdfc07c0ec6143ed5ff3b') in 0.011795 seconds 
  Import took 0.017314 seconds .

========================================================================
Received Import Request.
  Time since last request: 0.000155 seconds.
  path: Assets/Scenes/SampleScene/ReflectionProbe-0.exr
  artifactKey: Guid(db58c93c38fdd1c4cb45888d582f7a18) Importer(815301076,1909f56bfc062723c751e8b465ee728b)
Start importing Assets/Scenes/SampleScene/ReflectionProbe-0.exr using Guid(db58c93c38fdd1c4cb45888d582f7a18) Importer(815301076,1909f56bfc062723c751e8b465ee728b)  -> (artifact id: 'ab98e537b83dad19a84dac4b7b5cb176') in 0.037820 seconds 
  Import took 0.043001 seconds .

========================================================================
Received Import Request.
  Time since last request: 0.000194 seconds.
  path: Assets/Scenes/SampleScene/Lightmap-4_comp_dir.png
  artifactKey: Guid(5f42fa2a722ac20489856b05039dee64) Importer(815301076,1909f56bfc062723c751e8b465ee728b)
Start importing Assets/Scenes/SampleScene/Lightmap-4_comp_dir.png using Guid(5f42fa2a722ac20489856b05039dee64) Importer(815301076,1909f56bfc062723c751e8b465ee728b)  -> (artifact id: 'c8c2ca9fe1ba3ad16e56f698ca973490') in 0.012772 seconds 
  Import took 0.018125 seconds .

========================================================================
Received Import Request.
  Time since last request: 0.000187 seconds.
  path: Assets/Scenes/SampleScene/ReflectionProbe-16.exr
  artifactKey: Guid(88fccc25d08980c48afb6996a4818e81) Importer(815301076,1909f56bfc062723c751e8b465ee728b)
Start importing Assets/Scenes/SampleScene/ReflectionProbe-16.exr using Guid(88fccc25d08980c48afb6996a4818e81) Importer(815301076,1909f56bfc062723c751e8b465ee728b)  -> (artifact id: '271ae82a98ae07770f4ca7cf9129aac5') in 0.037751 seconds 
  Import took 0.042718 seconds .

========================================================================
Received Import Request.
  Time since last request: 0.000189 seconds.
  path: Assets/Scenes/SampleScene/Lightmap-1_comp_light.exr
  artifactKey: Guid(d65881cd9a18b2d468ffa8cd3872247c) Importer(815301076,1909f56bfc062723c751e8b465ee728b)
Start importing Assets/Scenes/SampleScene/Lightmap-1_comp_light.exr using Guid(d65881cd9a18b2d468ffa8cd3872247c) Importer(815301076,1909f56bfc062723c751e8b465ee728b)  -> (artifact id: 'c5248e56d47f696653afff9d8e0f3e5d') in 0.010485 seconds 
  Import took 0.015727 seconds .

========================================================================
Received Import Request.
  Time since last request: 0.000161 seconds.
  path: Assets/Scenes/SampleScene/Lightmap-3_comp_dir.png
  artifactKey: Guid(1303668a41ce5dc48b7bf699c4148df2) Importer(815301076,1909f56bfc062723c751e8b465ee728b)
Start importing Assets/Scenes/SampleScene/Lightmap-3_comp_dir.png using Guid(1303668a41ce5dc48b7bf699c4148df2) Importer(815301076,1909f56bfc062723c751e8b465ee728b)  -> (artifact id: 'ad9af0ec6332cd8f2e556f35f0439234') in 0.009845 seconds 
  Import took 0.014913 seconds .

========================================================================
Received Import Request.
  Time since last request: 0.000180 seconds.
  path: Assets/Scenes/SampleScene/Lightmap-6_comp_dir.png
  artifactKey: Guid(a5228ee1051068b4f9e5fae8b301a8e4) Importer(815301076,1909f56bfc062723c751e8b465ee728b)
Start importing Assets/Scenes/SampleScene/Lightmap-6_comp_dir.png using Guid(a5228ee1051068b4f9e5fae8b301a8e4) Importer(815301076,1909f56bfc062723c751e8b465ee728b)  -> (artifact id: '48f37857f66cebbe99ebd31275204d0a') in 0.010202 seconds 
  Import took 0.015317 seconds .

========================================================================
Received Import Request.
  Time since last request: 0.000215 seconds.
  path: Assets/Scenes/SampleScene/Lightmap-1_comp_dir.png
  artifactKey: Guid(c78a7ef4ffd053e45986df6776d18a37) Importer(815301076,1909f56bfc062723c751e8b465ee728b)
Start importing Assets/Scenes/SampleScene/Lightmap-1_comp_dir.png using Guid(c78a7ef4ffd053e45986df6776d18a37) Importer(815301076,1909f56bfc062723c751e8b465ee728b)  -> (artifact id: '43663d01e495a5904c8623735e4dea42') in 0.009861 seconds 
  Import took 0.015713 seconds .

========================================================================
Received Import Request.
  Time since last request: 0.000168 seconds.
  path: Assets/Scenes/SampleScene/Lightmap-5_comp_light.exr
  artifactKey: Guid(e573b21707060b24db27d4ae41235d98) Importer(815301076,1909f56bfc062723c751e8b465ee728b)
Start importing Assets/Scenes/SampleScene/Lightmap-5_comp_light.exr using Guid(e573b21707060b24db27d4ae41235d98) Importer(815301076,1909f56bfc062723c751e8b465ee728b)  -> (artifact id: '2546156beb5ec7815f8c101a45b44303') in 0.011022 seconds 
  Import took 0.015999 seconds .

========================================================================
Received Import Request.
  Time since last request: 0.000174 seconds.
  path: Assets/Scenes/SampleScene/ReflectionProbe-6.exr
  artifactKey: Guid(bcc5d397b6334c64dab068d6bb859803) Importer(815301076,1909f56bfc062723c751e8b465ee728b)
Start importing Assets/Scenes/SampleScene/ReflectionProbe-6.exr using Guid(bcc5d397b6334c64dab068d6bb859803) Importer(815301076,1909f56bfc062723c751e8b465ee728b)  -> (artifact id: 'a4fb2d01cf86362f0f2f7e49896ea896') in 0.038212 seconds 
  Import took 0.043659 seconds .

========================================================================
Received Import Request.
  Time since last request: 0.000164 seconds.
  path: Assets/Scenes/SampleScene/Lightmap-4_comp_light.exr
  artifactKey: Guid(1a271bbc6f1485d4bad5874ca8455069) Importer(815301076,1909f56bfc062723c751e8b465ee728b)
Start importing Assets/Scenes/SampleScene/Lightmap-4_comp_light.exr using Guid(1a271bbc6f1485d4bad5874ca8455069) Importer(815301076,1909f56bfc062723c751e8b465ee728b)  -> (artifact id: '7372b41749c3b43545cd9941398301e8') in 0.008685 seconds 
  Import took 0.013824 seconds .

========================================================================
Received Import Request.
  Time since last request: 0.000160 seconds.
  path: Assets/Scenes/SampleScene/ReflectionProbe-12.exr
  artifactKey: Guid(8481e7bae45102c41afa57230dceda46) Importer(815301076,1909f56bfc062723c751e8b465ee728b)
Start importing Assets/Scenes/SampleScene/ReflectionProbe-12.exr using Guid(8481e7bae45102c41afa57230dceda46) Importer(815301076,1909f56bfc062723c751e8b465ee728b)  -> (artifact id: '49206b03fc9fb46e4b7c815ba5167894') in 0.039797 seconds 
  Import took 0.044966 seconds .

========================================================================
Received Import Request.
  Time since last request: 0.000158 seconds.
  path: Assets/Scenes/SampleScene/Lightmap-5_comp_dir.png
  artifactKey: Guid(12958dd54f1b2f140b49115d3f5e2c81) Importer(815301076,1909f56bfc062723c751e8b465ee728b)
Start importing Assets/Scenes/SampleScene/Lightmap-5_comp_dir.png using Guid(12958dd54f1b2f140b49115d3f5e2c81) Importer(815301076,1909f56bfc062723c751e8b465ee728b)  -> (artifact id: '78b31ce319154e0faa349f670a0405ff') in 0.010301 seconds 
  Import took 0.015465 seconds .

========================================================================
Received Import Request.
  Time since last request: 0.000216 seconds.
  path: Assets/Scenes/SampleScene/ReflectionProbe-8.exr
  artifactKey: Guid(7f20f555bfbdcaa46a2cc1e0075120a5) Importer(815301076,1909f56bfc062723c751e8b465ee728b)
Start importing Assets/Scenes/SampleScene/ReflectionProbe-8.exr using Guid(7f20f555bfbdcaa46a2cc1e0075120a5) Importer(815301076,1909f56bfc062723c751e8b465ee728b)  -> (artifact id: 'c8a484282e0fc9c6c2b0b7305451d20d') in 0.036372 seconds 
  Import took 0.041374 seconds .

========================================================================
Received Import Request.
  Time since last request: 0.000175 seconds.
  path: Assets/Scenes/SampleScene/Lightmap-0_comp_dir.png
  artifactKey: Guid(e79ebf6f6991fea40acf25281ea394e1) Importer(815301076,1909f56bfc062723c751e8b465ee728b)
Start importing Assets/Scenes/SampleScene/Lightmap-0_comp_dir.png using Guid(e79ebf6f6991fea40acf25281ea394e1) Importer(815301076,1909f56bfc062723c751e8b465ee728b)  -> (artifact id: '06d8da15dfbe8904a9cfd69c0282bb8f') in 0.011802 seconds 
  Import took 0.016817 seconds .

========================================================================
Received Import Request.
  Time since last request: 0.000176 seconds.
  path: Assets/Scenes/SampleScene/Lightmap-0_comp_light.exr
  artifactKey: Guid(4bdbbe899c5dc0e4a89ae2694443559e) Importer(815301076,1909f56bfc062723c751e8b465ee728b)
Start importing Assets/Scenes/SampleScene/Lightmap-0_comp_light.exr using Guid(4bdbbe899c5dc0e4a89ae2694443559e) Importer(815301076,1909f56bfc062723c751e8b465ee728b)  -> (artifact id: '467b90eba8274706d33c7274368342f2') in 0.009858 seconds 
  Import took 0.015553 seconds .

========================================================================
Received Import Request.
  Time since last request: 0.000180 seconds.
  path: Assets/Scenes/SampleScene/Lightmap-2_comp_light.exr
  artifactKey: Guid(d9af58f1eb18cb041a4746c89ce3eefc) Importer(815301076,1909f56bfc062723c751e8b465ee728b)
Start importing Assets/Scenes/SampleScene/Lightmap-2_comp_light.exr using Guid(d9af58f1eb18cb041a4746c89ce3eefc) Importer(815301076,1909f56bfc062723c751e8b465ee728b)  -> (artifact id: '103dd2e5e351c6a668e4526209d7dca8') in 0.009869 seconds 
  Import took 0.014937 seconds .

========================================================================
Received Import Request.
  Time since last request: 0.000206 seconds.
  path: Assets/Scenes/SampleScene/ReflectionProbe-2.exr
  artifactKey: Guid(905a1f2fe6a20fe4d8acced09169fea6) Importer(815301076,1909f56bfc062723c751e8b465ee728b)
Start importing Assets/Scenes/SampleScene/ReflectionProbe-2.exr using Guid(905a1f2fe6a20fe4d8acced09169fea6) Importer(815301076,1909f56bfc062723c751e8b465ee728b)  -> (artifact id: '71fcb02b78688ff97b8d5d819713e6c7') in 0.038249 seconds 
  Import took 0.043949 seconds .

========================================================================
Received Import Request.
  Time since last request: 0.000153 seconds.
  path: Assets/Scenes/SampleScene/Lightmap-2_comp_light.exr
  artifactKey: Guid(d9af58f1eb18cb041a4746c89ce3eefc) Importer(815301076,1909f56bfc062723c751e8b465ee728b)
Start importing Assets/Scenes/SampleScene/Lightmap-2_comp_light.exr using Guid(d9af58f1eb18cb041a4746c89ce3eefc) Importer(815301076,1909f56bfc062723c751e8b465ee728b)  -> (artifact id: '103dd2e5e351c6a668e4526209d7dca8') in 0.005912 seconds 
  Import took 0.011795 seconds .

========================================================================
Received Import Request.
  Time since last request: 0.000188 seconds.
  path: Assets/Scenes/SampleScene/ReflectionProbe-3.exr
  artifactKey: Guid(d4035d0729cbed243b8628139d0aa2a3) Importer(815301076,1909f56bfc062723c751e8b465ee728b)
Start importing Assets/Scenes/SampleScene/ReflectionProbe-3.exr using Guid(d4035d0729cbed243b8628139d0aa2a3) Importer(815301076,1909f56bfc062723c751e8b465ee728b)  -> (artifact id: '93d82c4506afca03524f6f987246d99f') in 0.035692 seconds 
  Import took 0.041312 seconds .

========================================================================
Received Import Request.
  Time since last request: 0.000184 seconds.
  path: Assets/Scenes/SampleScene/Lightmap-3_comp_light.exr
  artifactKey: Guid(963c286bbf748a6439786c5cdb5206f2) Importer(815301076,1909f56bfc062723c751e8b465ee728b)
Start importing Assets/Scenes/SampleScene/Lightmap-3_comp_light.exr using Guid(963c286bbf748a6439786c5cdb5206f2) Importer(815301076,1909f56bfc062723c751e8b465ee728b)  -> (artifact id: '6946ff4db7f025ef695b42beae44d967') in 0.009558 seconds 
  Import took 0.015309 seconds .

========================================================================
Received Import Request.
  Time since last request: 0.000178 seconds.
  path: Assets/Scenes/SampleScene/ReflectionProbe-9.exr
  artifactKey: Guid(f0e7f0a8b752e40488ce09f05f1ac2f2) Importer(815301076,1909f56bfc062723c751e8b465ee728b)
Start importing Assets/Scenes/SampleScene/ReflectionProbe-9.exr using Guid(f0e7f0a8b752e40488ce09f05f1ac2f2) Importer(815301076,1909f56bfc062723c751e8b465ee728b)  -> (artifact id: '4b84c74e21ebe4a6a717c6d65137ce87') in 0.039636 seconds 
  Import took 0.044891 seconds .

========================================================================
Received Import Request.
  Time since last request: 3.420763 seconds.
  path: Assets/Scenes/Cryophen.unity
  artifactKey: Guid(9fc0d4010bbf28b4594072e72b8655ab) Importer(815301076,1909f56bfc062723c751e8b465ee728b)
Start importing Assets/Scenes/Cryophen.unity using Guid(9fc0d4010bbf28b4594072e72b8655ab) Importer(815301076,1909f56bfc062723c751e8b465ee728b)  -> (artifact id: 'f3ce32c410579e6b6bb8ac54e435ee5c') in 0.006970 seconds 
  Import took 0.012694 seconds .

========================================================================
Received Import Request.
  Time since last request: 31.669624 seconds.
  path: Assets/Scenes/SampleScene.unity
  artifactKey: Guid(3db1837cc97a95e4c98610966fac2b0b) Importer(815301076,1909f56bfc062723c751e8b465ee728b)
Start importing Assets/Scenes/SampleScene.unity using Guid(3db1837cc97a95e4c98610966fac2b0b) Importer(815301076,1909f56bfc062723c751e8b465ee728b)  -> (artifact id: '11cbd8d89f3128468633c7b3c93cef58') in 0.005335 seconds 
  Import took 0.011625 seconds .

========================================================================
Received Import Request.
  Time since last request: 68.245788 seconds.
  path: Assets/Scenes/Cryophen2.0.unity
  artifactKey: Guid(a6ac5f5269e33b04d8cff444fa484ed6) Importer(815301076,1909f56bfc062723c751e8b465ee728b)
Start importing Assets/Scenes/Cryophen2.0.unity using Guid(a6ac5f5269e33b04d8cff444fa484ed6) Importer(815301076,1909f56bfc062723c751e8b465ee728b)  -> (artifact id: '67fc10010e6c9b01a3861a2f106779fb') in 0.005207 seconds 
  Import took 0.013371 seconds .

========================================================================
Received Import Request.
  Time since last request: 182.435816 seconds.
  path: Assets/citygenerator.fbx
  artifactKey: Guid(9c4154849c409924ebb93e2c0e1cf892) Importer(815301076,1909f56bfc062723c751e8b465ee728b)
Start importing Assets/citygenerator.fbx using Guid(9c4154849c409924ebb93e2c0e1cf892) Importer(815301076,1909f56bfc062723c751e8b465ee728b) Launched and connected shader compiler UnityShaderCompiler.exe after 0.04 seconds
Launched and connected shader compiler UnityShaderCompiler.exe after 0.04 seconds
Launched and connected shader compiler UnityShaderCompiler.exe after 0.04 seconds
Launched and connected shader compiler UnityShaderCompiler.exe after 0.04 seconds
Launched and connected shader compiler UnityShaderCompiler.exe after 0.04 seconds
Launched and connected shader compiler UnityShaderCompiler.exe after 0.04 seconds
Launched and connected shader compiler UnityShaderCompiler.exe after 0.04 seconds
Launched and connected shader compiler UnityShaderCompiler.exe after 0.04 seconds
Launched and connected shader compiler UnityShaderCompiler.exe after 0.04 seconds
Launched and connected shader compiler UnityShaderCompiler.exe after 0.04 seconds
Launched and connected shader compiler UnityShaderCompiler.exe after 0.04 seconds
 -> (artifact id: '3885ad6df2671cb6045a26edd427e595') in 49.098803 seconds 
  Import took 49.135518 seconds .

========================================================================
Received Import Request.
  Time since last request: 486.021246 seconds.
  path: Assets/New Terrain.asset
  artifactKey: Guid(3a9f64a272b34c94d8e12fae6bf8ee56) Importer(815301076,1909f56bfc062723c751e8b465ee728b)
Start importing Assets/New Terrain.asset using Guid(3a9f64a272b34c94d8e12fae6bf8ee56) Importer(815301076,1909f56bfc062723c751e8b465ee728b)  -> (artifact id: '0205fbc6ff41a8f00898bf49be374757') in 0.013028 seconds 
  Import took 0.028627 seconds .

========================================================================
Received Import Request.
  Time since last request: 0.871832 seconds.
  path: Assets/New Terrain.asset
  artifactKey: Guid(3a9f64a272b34c94d8e12fae6bf8ee56) Importer(815301076,1909f56bfc062723c751e8b465ee728b)
Start importing Assets/New Terrain.asset using Guid(3a9f64a272b34c94d8e12fae6bf8ee56) Importer(815301076,1909f56bfc062723c751e8b465ee728b)  -> (artifact id: '0205fbc6ff41a8f00898bf49be374757') in 0.006660 seconds 
  Import took 0.020331 seconds .

========================================================================
Received Import Request.
  Time since last request: 7.672477 seconds.
  path: Assets/Cryophen.asset
  artifactKey: Guid(3a9f64a272b34c94d8e12fae6bf8ee56) Importer(815301076,1909f56bfc062723c751e8b465ee728b)
Start importing Assets/Cryophen.asset using Guid(3a9f64a272b34c94d8e12fae6bf8ee56) Importer(815301076,1909f56bfc062723c751e8b465ee728b)  -> (artifact id: 'f6df9213b9fbf4f812a3d2bce5b5311f') in 0.011497 seconds 
  Import took 0.026727 seconds .

========================================================================
Received Import Request.
  Time since last request: 92.615537 seconds.
  path: Assets/Scenes/Cryophen2.0.unity
  artifactKey: Guid(a6ac5f5269e33b04d8cff444fa484ed6) Importer(815301076,1909f56bfc062723c751e8b465ee728b)
Start importing Assets/Scenes/Cryophen2.0.unity using Guid(a6ac5f5269e33b04d8cff444fa484ed6) Importer(815301076,1909f56bfc062723c751e8b465ee728b)  -> (artifact id: '82e7a6a931e6ca55a93dd4afc8559030') in 0.005580 seconds 
  Import took 0.019645 seconds .

========================================================================
Received Import Request.
  Time since last request: 167.513033 seconds.
  path: Assets/Samples/Terrain Tools/0.1.0-preview/Terrain Assets/TerrainBrushes/terrainstamp_ridge03.brush
  artifactKey: Guid(7d08355cc5be1584f858af2f22f8bbbb) Importer(815301076,1909f56bfc062723c751e8b465ee728b)
Start importing Assets/Samples/Terrain Tools/0.1.0-preview/Terrain Assets/TerrainBrushes/terrainstamp_ridge03.brush using Guid(7d08355cc5be1584f858af2f22f8bbbb) Importer(815301076,1909f56bfc062723c751e8b465ee728b)  -> (artifact id: '784a0c281edaa299ad24d6dc1106ea05') in 0.031042 seconds 
  Import took 0.046751 seconds .

========================================================================
Received Import Request.
  Time since last request: 11.102540 seconds.
  path: Assets/Samples/Terrain Tools/0.1.0-preview/Terrain Assets/TerrainBrushes/terrainstamp_ridge02.brush
  artifactKey: Guid(5203e2a4f3ccc3548bde5beb3ca4bdc2) Importer(815301076,1909f56bfc062723c751e8b465ee728b)
Start importing Assets/Samples/Terrain Tools/0.1.0-preview/Terrain Assets/TerrainBrushes/terrainstamp_ridge02.brush using Guid(5203e2a4f3ccc3548bde5beb3ca4bdc2) Importer(815301076,1909f56bfc062723c751e8b465ee728b)  -> (artifact id: '2d37583063cd4024a6dc821cd17cc891') in 0.019252 seconds 
  Import took 0.031768 seconds .

========================================================================
Received Import Request.
  Time since last request: 0.558298 seconds.
  path: Assets/Samples/Terrain Tools/0.1.0-preview/Terrain Assets/TerrainBrushes/terrainstamp_ridge01.brush
  artifactKey: Guid(776f9b3da89f9394cac9a53aab9a5eb5) Importer(815301076,1909f56bfc062723c751e8b465ee728b)
Start importing Assets/Samples/Terrain Tools/0.1.0-preview/Terrain Assets/TerrainBrushes/terrainstamp_ridge01.brush using Guid(776f9b3da89f9394cac9a53aab9a5eb5) Importer(815301076,1909f56bfc062723c751e8b465ee728b)  -> (artifact id: 'b0b8b014c07760547143000298fb6e12') in 0.017966 seconds 
  Import took 0.031057 seconds .

========================================================================
Received Import Request.
  Time since last request: 10.383263 seconds.
  path: Assets/Samples/Terrain Tools/0.1.0-preview/Terrain Assets/TerrainBrushes/terrainstamp_ridge05.brush
  artifactKey: Guid(014d61beb3975e849b26bc42fbf17b42) Importer(815301076,1909f56bfc062723c751e8b465ee728b)
Start importing Assets/Samples/Terrain Tools/0.1.0-preview/Terrain Assets/TerrainBrushes/terrainstamp_ridge05.brush using Guid(014d61beb3975e849b26bc42fbf17b42) Importer(815301076,1909f56bfc062723c751e8b465ee728b)  -> (artifact id: '075e40608c94312f5d3944e7872dcdd9') in 0.014684 seconds 
  Import took 0.027016 seconds .

========================================================================
Received Import Request.
  Time since last request: 0.627700 seconds.
  path: Assets/Samples/Terrain Tools/0.1.0-preview/Terrain Assets/TerrainBrushes/terrainstamp_softpeaks01.brush
  artifactKey: Guid(7eae67bc3f75e02478ed0f5c2d4498cf) Importer(815301076,1909f56bfc062723c751e8b465ee728b)
Start importing Assets/Samples/Terrain Tools/0.1.0-preview/Terrain Assets/TerrainBrushes/terrainstamp_softpeaks01.brush using Guid(7eae67bc3f75e02478ed0f5c2d4498cf) Importer(815301076,1909f56bfc062723c751e8b465ee728b)  -> (artifact id: '3f1b20770c96f307e6941edd7a2e2642') in 0.010925 seconds 
  Import took 0.022997 seconds .

========================================================================
Received Import Request.
  Time since last request: 0.000621 seconds.
  path: Assets/Samples/Terrain Tools/0.1.0-preview/Terrain Assets/TerrainBrushes/terrainstamp_softpeaks01.brush
  artifactKey: Guid(7eae67bc3f75e02478ed0f5c2d4498cf) Importer(815301076,1909f56bfc062723c751e8b465ee728b)
Start importing Assets/Samples/Terrain Tools/0.1.0-preview/Terrain Assets/TerrainBrushes/terrainstamp_softpeaks01.brush using Guid(7eae67bc3f75e02478ed0f5c2d4498cf) Importer(815301076,1909f56bfc062723c751e8b465ee728b)  -> (artifact id: '3f1b20770c96f307e6941edd7a2e2642') in 0.012324 seconds 
  Import took 0.025034 seconds .

========================================================================
Received Import Request.
  Time since last request: 1.880091 seconds.
  path: Assets/Samples/Terrain Tools/0.1.0-preview/Terrain Assets/TerrainBrushes/terrainstamp_canyon02.brush
  artifactKey: Guid(7ddc1e59f6e82cc4693b55b0badb4aa3) Importer(815301076,1909f56bfc062723c751e8b465ee728b)
Start importing Assets/Samples/Terrain Tools/0.1.0-preview/Terrain Assets/TerrainBrushes/terrainstamp_canyon02.brush using Guid(7ddc1e59f6e82cc4693b55b0badb4aa3) Importer(815301076,1909f56bfc062723c751e8b465ee728b)  -> (artifact id: 'e813608116d829408b54c141de0fc0f5') in 0.011343 seconds 
  Import took 0.024321 seconds .

========================================================================
Received Import Request.
  Time since last request: 157.145920 seconds.
  path: Assets/Cryophen.asset
  artifactKey: Guid(3a9f64a272b34c94d8e12fae6bf8ee56) Importer(815301076,1909f56bfc062723c751e8b465ee728b)
Start importing Assets/Cryophen.asset using Guid(3a9f64a272b34c94d8e12fae6bf8ee56) Importer(815301076,1909f56bfc062723c751e8b465ee728b)  -> (artifact id: 'c1db72d982a5234f62f546639be00f16') in 0.006261 seconds 
  Import took 0.019013 seconds .

========================================================================
Received Import Request.
  Time since last request: 281.871537 seconds.
  path: Assets/Samples/Terrain Tools/0.1.0-preview/Terrain Assets/TerrainBrushes/terrainstamp_canyon01.brush
  artifactKey: Guid(9b1536174e1306f4eb016fe953e5a678) Importer(815301076,1909f56bfc062723c751e8b465ee728b)
Start importing Assets/Samples/Terrain Tools/0.1.0-preview/Terrain Assets/TerrainBrushes/terrainstamp_canyon01.brush using Guid(9b1536174e1306f4eb016fe953e5a678) Importer(815301076,1909f56bfc062723c751e8b465ee728b)  -> (artifact id: '051ba0eaadc8a37be84f96c1e5990905') in 0.012313 seconds 
  Import took 0.028597 seconds .

========================================================================
Received Import Request.
  Time since last request: 1.554540 seconds.
  path: Assets/Samples/Terrain Tools/0.1.0-preview/Terrain Assets/TerrainBrushes/terrainstamp_canyon03.brush
  artifactKey: Guid(d4e29f095247ea040aabee8a6cb3b010) Importer(815301076,1909f56bfc062723c751e8b465ee728b)
Start importing Assets/Samples/Terrain Tools/0.1.0-preview/Terrain Assets/TerrainBrushes/terrainstamp_canyon03.brush using Guid(d4e29f095247ea040aabee8a6cb3b010) Importer(815301076,1909f56bfc062723c751e8b465ee728b)  -> (artifact id: '9858e6cd8a1b994d6e14ff99429949a0') in 0.011169 seconds 
  Import took 0.025346 seconds .

========================================================================
Received Import Request.
  Time since last request: 3.840291 seconds.
  path: Assets/Samples/Terrain Tools/0.1.0-preview/Terrain Assets/TerrainBrushes/terrainstamp_canyon04.brush
  artifactKey: Guid(dc670a42db363de40a6e6d9f231404ca) Importer(815301076,1909f56bfc062723c751e8b465ee728b)
Start importing Assets/Samples/Terrain Tools/0.1.0-preview/Terrain Assets/TerrainBrushes/terrainstamp_canyon04.brush using Guid(dc670a42db363de40a6e6d9f231404ca) Importer(815301076,1909f56bfc062723c751e8b465ee728b)  -> (artifact id: '868441e15ad0d613fe31dd5b7f0da4d2') in 0.013334 seconds 
  Import took 0.025673 seconds .

========================================================================
Received Import Request.
  Time since last request: 118.513028 seconds.
  path: Assets/Samples/Terrain Tools/0.1.0-preview/Terrain Assets/TerrainBrushes/terrainstamp_flatmountain01.brush
  artifactKey: Guid(5ca44fb774755d14f93870431e58a1e2) Importer(815301076,1909f56bfc062723c751e8b465ee728b)
Start importing Assets/Samples/Terrain Tools/0.1.0-preview/Terrain Assets/TerrainBrushes/terrainstamp_flatmountain01.brush using Guid(5ca44fb774755d14f93870431e58a1e2) Importer(815301076,1909f56bfc062723c751e8b465ee728b)  -> (artifact id: 'bbe3225d981839542be1326258f195dc') in 0.019391 seconds 
  Import took 0.032605 seconds .

========================================================================
Received Import Request.
  Time since last request: 3.663371 seconds.
  path: Assets/Samples/Terrain Tools/0.1.0-preview/Terrain Assets/TerrainBrushes/terrainstamp_erode02.brush
  artifactKey: Guid(b4f1a8962849d1e418cbb0637143dc00) Importer(815301076,1909f56bfc062723c751e8b465ee728b)
Start importing Assets/Samples/Terrain Tools/0.1.0-preview/Terrain Assets/TerrainBrushes/terrainstamp_erode02.brush using Guid(b4f1a8962849d1e418cbb0637143dc00) Importer(815301076,1909f56bfc062723c751e8b465ee728b)  -> (artifact id: '276b9bc4047085cce9253826b390991b') in 0.017442 seconds 
  Import took 0.030195 seconds .

========================================================================
Received Import Request.
  Time since last request: 69.025109 seconds.
  path: Assets/Samples/Terrain Tools/0.1.0-preview/Terrain Assets/TerrainBrushes/terrainstamp_plateau03.brush
  artifactKey: Guid(387141d2bd04a10459d9a306ca45434f) Importer(815301076,1909f56bfc062723c751e8b465ee728b)
Start importing Assets/Samples/Terrain Tools/0.1.0-preview/Terrain Assets/TerrainBrushes/terrainstamp_plateau03.brush using Guid(387141d2bd04a10459d9a306ca45434f) Importer(815301076,1909f56bfc062723c751e8b465ee728b)  -> (artifact id: '050be3c7ecb5541b35775526591a6994') in 0.012726 seconds 
  Import took 0.025841 seconds .

========================================================================
Received Import Request.
  Time since last request: 37.700130 seconds.
  path: Assets/Samples/Terrain Tools/0.1.0-preview/Terrain Assets/BrushTextures/canyon03.tif
  artifactKey: Guid(00e07f21ff32c094ea64f6753fb3b542) Importer(815301076,1909f56bfc062723c751e8b465ee728b)
Start importing Assets/Samples/Terrain Tools/0.1.0-preview/Terrain Assets/BrushTextures/canyon03.tif using Guid(00e07f21ff32c094ea64f6753fb3b542) Importer(815301076,1909f56bfc062723c751e8b465ee728b)  -> (artifact id: '9f418da99efdd67b12176e3ba1cbec2d') in 0.025325 seconds 
  Import took 0.037607 seconds .

========================================================================
Received Import Request.
  Time since last request: 0.002393 seconds.
  path: Assets/Samples/Terrain Tools/0.1.0-preview/Terrain Assets/BrushTextures/canyon03.tif
  artifactKey: Guid(00e07f21ff32c094ea64f6753fb3b542) Importer(815301076,1909f56bfc062723c751e8b465ee728b)
Start importing Assets/Samples/Terrain Tools/0.1.0-preview/Terrain Assets/BrushTextures/canyon03.tif using Guid(00e07f21ff32c094ea64f6753fb3b542) Importer(815301076,1909f56bfc062723c751e8b465ee728b)  -> (artifact id: '9f418da99efdd67b12176e3ba1cbec2d') in 0.009519 seconds 
  Import took 0.021313 seconds .

========================================================================
Received Import Request.
  Time since last request: 181.482010 seconds.
  path: Assets/Samples/Terrain Tools/0.1.0-preview/Terrain Assets/BrushTextures/canyon01.tif
  artifactKey: Guid(903360ef543b50449ae74931c4fddc2c) Importer(815301076,1909f56bfc062723c751e8b465ee728b)
Start importing Assets/Samples/Terrain Tools/0.1.0-preview/Terrain Assets/BrushTextures/canyon01.tif using Guid(903360ef543b50449ae74931c4fddc2c) Importer(815301076,1909f56bfc062723c751e8b465ee728b)  -> (artifact id: 'f99980de42690ae7f426607bfeef1d48') in 0.019962 seconds 
  Import took 0.038047 seconds .

========================================================================
Received Import Request.
  Time since last request: 0.000907 seconds.
  path: Assets/Samples/Terrain Tools/0.1.0-preview/Terrain Assets/BrushTextures/canyon01.tif
  artifactKey: Guid(903360ef543b50449ae74931c4fddc2c) Importer(815301076,1909f56bfc062723c751e8b465ee728b)
Start importing Assets/Samples/Terrain Tools/0.1.0-preview/Terrain Assets/BrushTextures/canyon01.tif using Guid(903360ef543b50449ae74931c4fddc2c) Importer(815301076,1909f56bfc062723c751e8b465ee728b)  -> (artifact id: 'f99980de42690ae7f426607bfeef1d48') in 0.020679 seconds 
  Import took 0.033292 seconds .

========================================================================
Received Import Request.
  Time since last request: 72.863216 seconds.
  path: Assets/Samples/Terrain Tools/0.1.0-preview/Terrain Assets/TerrainBrushes/terrainstamp_canyon05.brush
  artifactKey: Guid(ceb297a70ecfb74479647a7e0e433265) Importer(815301076,1909f56bfc062723c751e8b465ee728b)
Start importing Assets/Samples/Terrain Tools/0.1.0-preview/Terrain Assets/TerrainBrushes/terrainstamp_canyon05.brush using Guid(ceb297a70ecfb74479647a7e0e433265) Importer(815301076,1909f56bfc062723c751e8b465ee728b)  -> (artifact id: 'cc6c35a160877cc255c9eea4e16cf6f7') in 0.016853 seconds 
  Import took 0.029689 seconds .

========================================================================
Received Import Request.
  Time since last request: 0.426543 seconds.
  path: Assets/Samples/Terrain Tools/0.1.0-preview/Terrain Assets/TerrainBrushes/terrainstamp_mountain01.brush
  artifactKey: Guid(87bcc148df475664181f323cf3b45e93) Importer(815301076,1909f56bfc062723c751e8b465ee728b)
Start importing Assets/Samples/Terrain Tools/0.1.0-preview/Terrain Assets/TerrainBrushes/terrainstamp_mountain01.brush using Guid(87bcc148df475664181f323cf3b45e93) Importer(815301076,1909f56bfc062723c751e8b465ee728b)  -> (artifact id: '4cd7e65c4908dd108c8252983ef23595') in 0.017270 seconds 
  Import took 0.030737 seconds .

========================================================================
Received Import Request.
  Time since last request: 2495.200230 seconds.
  path: Assets/Cryophen.asset
  artifactKey: Guid(3a9f64a272b34c94d8e12fae6bf8ee56) Importer(815301076,1909f56bfc062723c751e8b465ee728b)
Start importing Assets/Cryophen.asset using Guid(3a9f64a272b34c94d8e12fae6bf8ee56) Importer(815301076,1909f56bfc062723c751e8b465ee728b)  -> (artifact id: '018a83127ddef9373e4607f8e9bd17d5') in 0.014477 seconds 
  Import took 0.068914 seconds .

========================================================================
Received Import Request.
  Time since last request: 0.053742 seconds.
  path: Assets/Cryophen.asset
  artifactKey: Guid(3a9f64a272b34c94d8e12fae6bf8ee56) Importer(815301076,1909f56bfc062723c751e8b465ee728b)
Start importing Assets/Cryophen.asset using Guid(3a9f64a272b34c94d8e12fae6bf8ee56) Importer(815301076,1909f56bfc062723c751e8b465ee728b)  -> (artifact id: '018a83127ddef9373e4607f8e9bd17d5') in 0.007766 seconds 
  Import took 0.019519 seconds .

========================================================================
Received Prepare
Registering precompiled user dll's ...
Registered in 0.007854 seconds.
Begin MonoManager ReloadAssembly
Native extension for WindowsStandalone target not found
Refreshing native plugins compatible for Editor in 1.01 ms, found 2 plugins.
Preloading 0 native plugins for Editor in 0.00 ms.
Mono: successfully reloaded assembly
- Completed reload, in  2.026 seconds
Domain Reload Profiling:
	ReloadAssembly (2034ms)
		BeginReloadAssembly (963ms)
			ExecutionOrderSort (52ms)
			DisableScriptedObjects (667ms)
			BackupInstance (0ms)
			ReleaseScriptingObjects (0ms)
			CreateAndSetChildDomain (129ms)
		EndReloadAssembly (1013ms)
			LoadAssemblies (80ms)
			RebuildTransferFunctionScriptingTraits (0ms)
			SetupTypeCache (319ms)
			ReleaseScriptCaches (2ms)
			RebuildScriptCaches (58ms)
			SetupLoadedEditorAssemblies (327ms)
				LogAssemblyErrors (0ms)
				InitializePlatformSupportModulesInManaged (4ms)
				SetLoadedEditorAssemblies (0ms)
				RefreshPlugins (1ms)
				BeforeProcessingInitializeOnLoad (58ms)
				ProcessInitializeOnLoadAttributes (257ms)
				ProcessInitializeOnLoadMethodAttributes (5ms)
				AfterProcessingInitializeOnLoad (2ms)
				EditorAssembliesLoaded (0ms)
			ExecutionOrderSort2 (0ms)
			AwakeInstancesAfterBackupRestoration (8ms)
Platform modules already initialized, skipping
Refreshing native plugins compatible for Editor in 1.10 ms, found 2 plugins.
Preloading 0 native plugins for Editor in 0.00 ms.
Unloading 4194 Unused Serialized files (Serialized files now loaded: 0)
System memory in use before: 228.8 MB.
System memory in use after: 223.5 MB.

Unloading 66 unused Assets to reduce memory usage. Loaded Objects now: 5030.
Total: 6.549400 ms (FindLiveObjects: 0.529000 ms CreateObjectMapping: 0.111400 ms MarkObjects: 2.711100 ms  DeleteObjects: 3.196700 ms)

AssetImportParameters requested are different than current active one (requested -> active):
  custom:framework-win-MediaFoundation: 216162199b28c13a410421893ffa2e32 -> 
  custom:video-decoder-ogg-theora: a1e56fd34408186e4bbccfd4996cb3dc -> 
  custom:container-muxer-webm: aa71ff27fc2769a1b78a27578f13a17b -> 
  custom:container-demuxer-webm: 4f35f7cbe854078d1ac9338744f61a02 -> 
  custom:container-demuxer-ogg: 62fdf1f143b41e24485cea50d1cbac27 -> 
  custom:video-encoder-webm-vp8: eb34c28f22e8b96e1ab97ce403110664 -> 
  custom:video-decoder-webm-vp8: 9c59270c3fd7afecdb556c50c9e8de78 -> 
  custom:audio-decoder-ogg-vorbis: bf7c407c2cedff20999df2af8eb42d56 -> 
  custom:audio-encoder-webm-vorbis: bf7c407c2cedff20999df2af8eb42d56 -> 
========================================================================
Received Import Request.
  Time since last request: 2596.781686 seconds.
  path: Assets/TerrainData_98ed406f-6410-4485-9c8c-9d42288b40b0.asset
  artifactKey: Guid(4a24efb83abab5542891a733cf5adf43) Importer(815301076,1909f56bfc062723c751e8b465ee728b)
Start importing Assets/TerrainData_98ed406f-6410-4485-9c8c-9d42288b40b0.asset using Guid(4a24efb83abab5542891a733cf5adf43) Importer(815301076,1909f56bfc062723c751e8b465ee728b)  -> (artifact id: '6e8cb27169c7997035a8200965b41dcb') in 0.050911 seconds 
  Import took 0.059032 seconds .

========================================================================
Received Import Request.
  Time since last request: 2.741278 seconds.
  path: Assets/TerrainData_be320da6-851d-46e9-a1e6-db3914c568a7.asset
  artifactKey: Guid(5ed738d4c5b2efd4a89e5f93d12ce237) Importer(815301076,1909f56bfc062723c751e8b465ee728b)
Start importing Assets/TerrainData_be320da6-851d-46e9-a1e6-db3914c568a7.asset using Guid(5ed738d4c5b2efd4a89e5f93d12ce237) Importer(815301076,1909f56bfc062723c751e8b465ee728b)  -> (artifact id: 'e73250351c0f732f58136954c79fae81') in 0.009529 seconds 
  Import took 0.016058 seconds .

========================================================================
Received Import Request.
  Time since last request: 0.923443 seconds.
  path: Assets/TerrainData_fa48b16c-b28b-42b8-924d-3b0c68e74031.asset
  artifactKey: Guid(91d46669c83ee824481143e028ce8aaa) Importer(815301076,1909f56bfc062723c751e8b465ee728b)
Start importing Assets/TerrainData_fa48b16c-b28b-42b8-924d-3b0c68e74031.asset using Guid(91d46669c83ee824481143e028ce8aaa) Importer(815301076,1909f56bfc062723c751e8b465ee728b)  -> (artifact id: '3c3ddebd3afd9a7cf8c47a8b7214434e') in 0.009861 seconds 
  Import took 0.016792 seconds .

========================================================================
Received Import Request.
  Time since last request: 1.497698 seconds.
  path: Assets/TerrainData_47c1f6ea-d540-49fb-a00d-f66ff4aa27ba.asset
  artifactKey: Guid(8b5cdf7681581534590e620d3f1f9ba9) Importer(815301076,1909f56bfc062723c751e8b465ee728b)
Start importing Assets/TerrainData_47c1f6ea-d540-49fb-a00d-f66ff4aa27ba.asset using Guid(8b5cdf7681581534590e620d3f1f9ba9) Importer(815301076,1909f56bfc062723c751e8b465ee728b)  -> (artifact id: '8c73e57b478e2b8d4a5502907b9cc6a7') in 0.010807 seconds 
  Import took 0.017463 seconds .

========================================================================
Received Import Request.
  Time since last request: 0.502640 seconds.
  path: Assets/TerrainData_625bf9e6-9af0-4a0e-92b1-331aa3d54d0d.asset
  artifactKey: Guid(a103a453cafd632408a3b5aed4ad8c2b) Importer(815301076,1909f56bfc062723c751e8b465ee728b)
Start importing Assets/TerrainData_625bf9e6-9af0-4a0e-92b1-331aa3d54d0d.asset using Guid(a103a453cafd632408a3b5aed4ad8c2b) Importer(815301076,1909f56bfc062723c751e8b465ee728b)  -> (artifact id: '7dfefda9b36f37e78bc3b7f591d5d6ec') in 0.009699 seconds 
  Import took 0.016370 seconds .

========================================================================
Received Import Request.
  Time since last request: 187.846658 seconds.
  path: Assets/Samples/Terrain Tools/0.1.0-preview/Terrain Assets/TerrainBrushes/terrainstamp_island01.brush
  artifactKey: Guid(52ed55fadd8d2b34cb0f9f08adb04a84) Importer(815301076,1909f56bfc062723c751e8b465ee728b)
Start importing Assets/Samples/Terrain Tools/0.1.0-preview/Terrain Assets/TerrainBrushes/terrainstamp_island01.brush using Guid(52ed55fadd8d2b34cb0f9f08adb04a84) Importer(815301076,1909f56bfc062723c751e8b465ee728b)  -> (artifact id: 'b8820360ce70f1107bc456a42a8cc16c') in 0.050300 seconds 
  Import took 0.056860 seconds .

========================================================================
Received Import Request.
  Time since last request: 0.599069 seconds.
  path: Assets/Samples/Terrain Tools/0.1.0-preview/Terrain Assets/TerrainBrushes/terrainstamp_mountain06.brush
  artifactKey: Guid(1f59549ee2c7eab4d833e1b9cd1bb76b) Importer(815301076,1909f56bfc062723c751e8b465ee728b)
Start importing Assets/Samples/Terrain Tools/0.1.0-preview/Terrain Assets/TerrainBrushes/terrainstamp_mountain06.brush using Guid(1f59549ee2c7eab4d833e1b9cd1bb76b) Importer(815301076,1909f56bfc062723c751e8b465ee728b)  -> (artifact id: 'fcf53eab9c482f18cf0712501c94b63e') in 0.013400 seconds 
  Import took 0.019854 seconds .

========================================================================
Received Import Request.
  Time since last request: 69.251198 seconds.
  path: Assets/Samples/Terrain Tools/0.1.0-preview/Terrain Assets/TerrainBrushes/terrainstamp_erode01.brush
  artifactKey: Guid(7ee3d567366c781458dc63f069654dff) Importer(815301076,1909f56bfc062723c751e8b465ee728b)
Start importing Assets/Samples/Terrain Tools/0.1.0-preview/Terrain Assets/TerrainBrushes/terrainstamp_erode01.brush using Guid(7ee3d567366c781458dc63f069654dff) Importer(815301076,1909f56bfc062723c751e8b465ee728b)  -> (artifact id: 'f93dac31ba581eb52c680af56f469998') in 0.020634 seconds 
  Import took 0.027434 seconds .

========================================================================
Received Import Request.
  Time since last request: 5.781068 seconds.
  path: Assets/Samples/Terrain Tools/0.1.0-preview/Terrain Assets/TerrainBrushes/terrainstamp_crackedground02.brush
  artifactKey: Guid(61e8c4f14d0453448b7e510f7f96990c) Importer(815301076,1909f56bfc062723c751e8b465ee728b)
Start importing Assets/Samples/Terrain Tools/0.1.0-preview/Terrain Assets/TerrainBrushes/terrainstamp_crackedground02.brush using Guid(61e8c4f14d0453448b7e510f7f96990c) Importer(815301076,1909f56bfc062723c751e8b465ee728b)  -> (artifact id: '8486972c5f7a569d7af1bff32e3c9724') in 0.011741 seconds 
  Import took 0.018078 seconds .

========================================================================
Received Import Request.
  Time since last request: 0.766186 seconds.
  path: Assets/Samples/Terrain Tools/0.1.0-preview/Terrain Assets/TerrainBrushes/terrainstamp_crackedground01.brush
  artifactKey: Guid(a27a2665c8aec334ba8bbba24ee0c827) Importer(815301076,1909f56bfc062723c751e8b465ee728b)
Start importing Assets/Samples/Terrain Tools/0.1.0-preview/Terrain Assets/TerrainBrushes/terrainstamp_crackedground01.brush using Guid(a27a2665c8aec334ba8bbba24ee0c827) Importer(815301076,1909f56bfc062723c751e8b465ee728b)  -> (artifact id: 'da3494a8964f3765dd3b6944ae948846') in 0.012851 seconds 
  Import took 0.019299 seconds .

========================================================================
Received Import Request.
  Time since last request: 163.492139 seconds.
  path: Assets/Cryophen.asset
  artifactKey: Guid(3a9f64a272b34c94d8e12fae6bf8ee56) Importer(815301076,1909f56bfc062723c751e8b465ee728b)
Start importing Assets/Cryophen.asset using Guid(3a9f64a272b34c94d8e12fae6bf8ee56) Importer(815301076,1909f56bfc062723c751e8b465ee728b)  -> (artifact id: '130c9a0505e94fc886d58f58b6ae9a2c') in 0.010854 seconds 
  Import took 0.017937 seconds .

========================================================================
Received Import Request.
  Time since last request: 0.000208 seconds.
  path: Assets/TerrainData_47c1f6ea-d540-49fb-a00d-f66ff4aa27ba.asset
  artifactKey: Guid(8b5cdf7681581534590e620d3f1f9ba9) Importer(815301076,1909f56bfc062723c751e8b465ee728b)
Start importing Assets/TerrainData_47c1f6ea-d540-49fb-a00d-f66ff4aa27ba.asset using Guid(8b5cdf7681581534590e620d3f1f9ba9) Importer(815301076,1909f56bfc062723c751e8b465ee728b)  -> (artifact id: '6bb07b4229f7212dd52ca0df87dba3ff') in 0.008089 seconds 
  Import took 0.015207 seconds .

========================================================================
Received Import Request.
  Time since last request: 0.000151 seconds.
  path: Assets/TerrainData_fa48b16c-b28b-42b8-924d-3b0c68e74031.asset
  artifactKey: Guid(91d46669c83ee824481143e028ce8aaa) Importer(815301076,1909f56bfc062723c751e8b465ee728b)
Start importing Assets/TerrainData_fa48b16c-b28b-42b8-924d-3b0c68e74031.asset using Guid(91d46669c83ee824481143e028ce8aaa) Importer(815301076,1909f56bfc062723c751e8b465ee728b)  -> (artifact id: 'b3d3f40ffb0fcced1fb861cd72c7ab31') in 0.006679 seconds 
  Import took 0.012664 seconds .

========================================================================
Received Import Request.
  Time since last request: 0.000147 seconds.
  path: Assets/TerrainData_be320da6-851d-46e9-a1e6-db3914c568a7.asset
  artifactKey: Guid(5ed738d4c5b2efd4a89e5f93d12ce237) Importer(815301076,1909f56bfc062723c751e8b465ee728b)
Start importing Assets/TerrainData_be320da6-851d-46e9-a1e6-db3914c568a7.asset using Guid(5ed738d4c5b2efd4a89e5f93d12ce237) Importer(815301076,1909f56bfc062723c751e8b465ee728b)  -> (artifact id: '32ca9e1836eae9f14441ba45af80aa90') in 0.006747 seconds 
  Import took 0.012582 seconds .

========================================================================
Received Import Request.
  Time since last request: 0.000164 seconds.
  path: Assets/TerrainData_98ed406f-6410-4485-9c8c-9d42288b40b0.asset
  artifactKey: Guid(4a24efb83abab5542891a733cf5adf43) Importer(815301076,1909f56bfc062723c751e8b465ee728b)
Start importing Assets/TerrainData_98ed406f-6410-4485-9c8c-9d42288b40b0.asset using Guid(4a24efb83abab5542891a733cf5adf43) Importer(815301076,1909f56bfc062723c751e8b465ee728b)  -> (artifact id: '4297f0fba059dae8009b3be177464b83') in 0.007255 seconds 
  Import took 0.013095 seconds .

========================================================================
Received Import Request.
  Time since last request: 0.000201 seconds.
  path: Assets/TerrainData_625bf9e6-9af0-4a0e-92b1-331aa3d54d0d.asset
  artifactKey: Guid(a103a453cafd632408a3b5aed4ad8c2b) Importer(815301076,1909f56bfc062723c751e8b465ee728b)
Start importing Assets/TerrainData_625bf9e6-9af0-4a0e-92b1-331aa3d54d0d.asset using Guid(a103a453cafd632408a3b5aed4ad8c2b) Importer(815301076,1909f56bfc062723c751e8b465ee728b)  -> (artifact id: 'd6a0237aa2bd50e0633208338f160f1d') in 0.008307 seconds 
  Import took 0.015530 seconds .

========================================================================
Received Import Request.
  Time since last request: 848.911766 seconds.
  path: Assets/Cryophen.asset
  artifactKey: Guid(3a9f64a272b34c94d8e12fae6bf8ee56) Importer(815301076,1909f56bfc062723c751e8b465ee728b)
Start importing Assets/Cryophen.asset using Guid(3a9f64a272b34c94d8e12fae6bf8ee56) Importer(815301076,1909f56bfc062723c751e8b465ee728b)  -> (artifact id: '9a2bf6130ea239f50b33036632d57dc8') in 0.007435 seconds 
  Import took 0.014671 seconds .

========================================================================
Received Import Request.
  Time since last request: 0.056046 seconds.
  path: Assets/TerrainData_47c1f6ea-d540-49fb-a00d-f66ff4aa27ba.asset
  artifactKey: Guid(8b5cdf7681581534590e620d3f1f9ba9) Importer(815301076,1909f56bfc062723c751e8b465ee728b)
Start importing Assets/TerrainData_47c1f6ea-d540-49fb-a00d-f66ff4aa27ba.asset using Guid(8b5cdf7681581534590e620d3f1f9ba9) Importer(815301076,1909f56bfc062723c751e8b465ee728b)  -> (artifact id: '9c9c13bdf1ee671b1786ebee537a2724') in 0.015478 seconds 
  Import took 0.022400 seconds .

========================================================================
Received Import Request.
  Time since last request: 0.000155 seconds.
  path: Assets/TerrainData_fa48b16c-b28b-42b8-924d-3b0c68e74031.asset
  artifactKey: Guid(91d46669c83ee824481143e028ce8aaa) Importer(815301076,1909f56bfc062723c751e8b465ee728b)
Start importing Assets/TerrainData_fa48b16c-b28b-42b8-924d-3b0c68e74031.asset using Guid(91d46669c83ee824481143e028ce8aaa) Importer(815301076,1909f56bfc062723c751e8b465ee728b)  -> (artifact id: '8f531330d30c36550c399cbd4407a469') in 0.007615 seconds 
  Import took 0.013218 seconds .

========================================================================
Received Import Request.
  Time since last request: 0.000156 seconds.
  path: Assets/TerrainData_be320da6-851d-46e9-a1e6-db3914c568a7.asset
  artifactKey: Guid(5ed738d4c5b2efd4a89e5f93d12ce237) Importer(815301076,1909f56bfc062723c751e8b465ee728b)
Start importing Assets/TerrainData_be320da6-851d-46e9-a1e6-db3914c568a7.asset using Guid(5ed738d4c5b2efd4a89e5f93d12ce237) Importer(815301076,1909f56bfc062723c751e8b465ee728b)  -> (artifact id: '6f853ae7fa73d6dfda8235fa160c7cd3') in 0.009994 seconds 
  Import took 0.016183 seconds .

========================================================================
Received Import Request.
  Time since last request: 0.000146 seconds.
  path: Assets/TerrainData_625bf9e6-9af0-4a0e-92b1-331aa3d54d0d.asset
  artifactKey: Guid(a103a453cafd632408a3b5aed4ad8c2b) Importer(815301076,1909f56bfc062723c751e8b465ee728b)
Start importing Assets/TerrainData_625bf9e6-9af0-4a0e-92b1-331aa3d54d0d.asset using Guid(a103a453cafd632408a3b5aed4ad8c2b) Importer(815301076,1909f56bfc062723c751e8b465ee728b)  -> (artifact id: 'f237419d03fbda694f3cf391c08c9cb6') in 0.007333 seconds 
  Import took 0.013597 seconds .

========================================================================
Received Import Request.
  Time since last request: 0.009055 seconds.
  path: Assets/TerrainData_625bf9e6-9af0-4a0e-92b1-331aa3d54d0d.asset
  artifactKey: Guid(a103a453cafd632408a3b5aed4ad8c2b) Importer(815301076,1909f56bfc062723c751e8b465ee728b)
Start importing Assets/TerrainData_625bf9e6-9af0-4a0e-92b1-331aa3d54d0d.asset using Guid(a103a453cafd632408a3b5aed4ad8c2b) Importer(815301076,1909f56bfc062723c751e8b465ee728b)  -> (artifact id: 'f237419d03fbda694f3cf391c08c9cb6') in 0.007128 seconds 
  Import took 0.013583 seconds .

========================================================================
Received Import Request.
  Time since last request: 7365.204608 seconds.
  path: Assets/HDRPDefaultResources
  artifactKey: Guid(abc661c586a9116428571bb17ea1a331) Importer(815301076,1909f56bfc062723c751e8b465ee728b)
Start importing Assets/HDRPDefaultResources using Guid(abc661c586a9116428571bb17ea1a331) Importer(815301076,1909f56bfc062723c751e8b465ee728b)  -> (artifact id: 'f80c728ffaf2e45c45f21687e70664b7') in 0.007980 seconds 
  Import took 0.059037 seconds .

========================================================================
Received Import Request.
  Time since last request: 0.891425 seconds.
  path: Assets
  artifactKey: Guid(00000000000000001000000000000000) Importer(815301076,1909f56bfc062723c751e8b465ee728b)
Start importing Assets using Guid(00000000000000001000000000000000) Importer(815301076,1909f56bfc062723c751e8b465ee728b)  -> (artifact id: '42d402b061de3733987d63b9cc3b64de') in 0.005270 seconds 
  Import took 0.012660 seconds .

========================================================================
Received Import Request.
  Time since last request: 4.687083 seconds.
  path: Assets/Terrain
  artifactKey: Guid(8a1610a5eb1a4924688bc83daadfc886) Importer(815301076,1909f56bfc062723c751e8b465ee728b)
Start importing Assets/Terrain using Guid(8a1610a5eb1a4924688bc83daadfc886) Importer(815301076,1909f56bfc062723c751e8b465ee728b)  -> (artifact id: 'df0362346a9ac198c0b22cf1e1b5dcbd') in 0.007335 seconds 
  Import took 0.014056 seconds .

========================================================================
Received Import Request.
  Time since last request: 17.791250 seconds.
  path: Assets/Scripts
  artifactKey: Guid(6fd5bf4faf4c854458ab2a7b8d65e4f3) Importer(815301076,1909f56bfc062723c751e8b465ee728b)
Start importing Assets/Scripts using Guid(6fd5bf4faf4c854458ab2a7b8d65e4f3) Importer(815301076,1909f56bfc062723c751e8b465ee728b)  -> (artifact id: 'ade508516d59b5b2becacd7e1a42f4bc') in 0.005367 seconds 
  Import took 0.012229 seconds .

========================================================================
Received Prepare
Registering precompiled user dll's ...
Registered in 0.007959 seconds.
Begin MonoManager ReloadAssembly
Native extension for WindowsStandalone target not found
Refreshing native plugins compatible for Editor in 0.86 ms, found 2 plugins.
Preloading 0 native plugins for Editor in 0.00 ms.
Mono: successfully reloaded assembly
- Completed reload, in  1.357 seconds
Domain Reload Profiling:
	ReloadAssembly (1361ms)
		BeginReloadAssembly (291ms)
			ExecutionOrderSort (0ms)
			DisableScriptedObjects (20ms)
			BackupInstance (0ms)
			ReleaseScriptingObjects (0ms)
			CreateAndSetChildDomain (165ms)
		EndReloadAssembly (1014ms)
			LoadAssemblies (88ms)
			RebuildTransferFunctionScriptingTraits (0ms)
			SetupTypeCache (321ms)
			ReleaseScriptCaches (2ms)
			RebuildScriptCaches (64ms)
			SetupLoadedEditorAssemblies (328ms)
				LogAssemblyErrors (0ms)
				InitializePlatformSupportModulesInManaged (4ms)
				SetLoadedEditorAssemblies (0ms)
				RefreshPlugins (1ms)
				BeforeProcessingInitializeOnLoad (61ms)
				ProcessInitializeOnLoadAttributes (254ms)
				ProcessInitializeOnLoadMethodAttributes (5ms)
				AfterProcessingInitializeOnLoad (2ms)
				EditorAssembliesLoaded (0ms)
			ExecutionOrderSort2 (0ms)
			AwakeInstancesAfterBackupRestoration (14ms)
Platform modules already initialized, skipping
Refreshing native plugins compatible for Editor in 0.85 ms, found 2 plugins.
Preloading 0 native plugins for Editor in 0.00 ms.
Unloading 4176 Unused Serialized files (Serialized files now loaded: 0)
System memory in use before: 227.7 MB.
System memory in use after: 222.4 MB.

Unloading 66 unused Assets to reduce memory usage. Loaded Objects now: 5039.
Total: 7.277800 ms (FindLiveObjects: 0.448700 ms CreateObjectMapping: 0.356500 ms MarkObjects: 2.694300 ms  DeleteObjects: 3.777000 ms)

AssetImportParameters requested are different than current active one (requested -> active):
  custom:framework-win-MediaFoundation: 216162199b28c13a410421893ffa2e32 -> 
  custom:video-decoder-ogg-theora: a1e56fd34408186e4bbccfd4996cb3dc -> 
  custom:container-muxer-webm: aa71ff27fc2769a1b78a27578f13a17b -> 
  custom:container-demuxer-webm: 4f35f7cbe854078d1ac9338744f61a02 -> 
  custom:container-demuxer-ogg: 62fdf1f143b41e24485cea50d1cbac27 -> 
  custom:video-encoder-webm-vp8: eb34c28f22e8b96e1ab97ce403110664 -> 
  custom:video-decoder-webm-vp8: 9c59270c3fd7afecdb556c50c9e8de78 -> 
  custom:audio-decoder-ogg-vorbis: bf7c407c2cedff20999df2af8eb42d56 -> 
  custom:audio-encoder-webm-vorbis: bf7c407c2cedff20999df2af8eb42d56 -> 
========================================================================
Received Import Request.
  Time since last request: 20.045422 seconds.
  path: Assets/Samples
  artifactKey: Guid(2e4823356fa76194e97fae0ec1a9ed8a) Importer(815301076,1909f56bfc062723c751e8b465ee728b)
Start importing Assets/Samples using Guid(2e4823356fa76194e97fae0ec1a9ed8a) Importer(815301076,1909f56bfc062723c751e8b465ee728b)  -> (artifact id: '269d0ea0bf1ff660a06af57293ffce56') in 0.010918 seconds 
  Import took 0.017996 seconds .

========================================================================
Received Import Request.
  Time since last request: 0.854928 seconds.
  path: Assets/Samples/Terrain Tools
  artifactKey: Guid(cf853ca2e1aafa346bd10cfb25367b8f) Importer(815301076,1909f56bfc062723c751e8b465ee728b)
Start importing Assets/Samples/Terrain Tools using Guid(cf853ca2e1aafa346bd10cfb25367b8f) Importer(815301076,1909f56bfc062723c751e8b465ee728b)  -> (artifact id: 'cd7660fce67fdbab744a700e97e80886') in 0.005861 seconds 
  Import took 0.014693 seconds .

========================================================================
Received Import Request.
  Time since last request: 0.823408 seconds.
  path: Assets/Samples/Terrain Tools/0.1.0-preview
  artifactKey: Guid(960b329177a47a8489b66e4924626291) Importer(815301076,1909f56bfc062723c751e8b465ee728b)
Start importing Assets/Samples/Terrain Tools/0.1.0-preview using Guid(960b329177a47a8489b66e4924626291) Importer(815301076,1909f56bfc062723c751e8b465ee728b)  -> (artifact id: '33d2bd7501e00a23c106fafe65bf879b') in 0.005485 seconds 
  Import took 0.012028 seconds .

========================================================================
Received Import Request.
  Time since last request: 4.813979 seconds.
  path: Assets/Samples/Terrain Tools/0.1.0-preview/Terrain Assets
  artifactKey: Guid(b41095e55ed1eb6498cd5cf0c1ca2e41) Importer(815301076,1909f56bfc062723c751e8b465ee728b)
Start importing Assets/Samples/Terrain Tools/0.1.0-preview/Terrain Assets using Guid(b41095e55ed1eb6498cd5cf0c1ca2e41) Importer(815301076,1909f56bfc062723c751e8b465ee728b)  -> (artifact id: 'acf40f1f428136e51fcb929526b980ad') in 0.005320 seconds 
  Import took 0.013911 seconds .

